<?xml version="1.0" encoding="UTF-8"?>
<!-- Generated by org.testng.reporters.JUnitReportReporter -->
<testsuite hostname="Geet" failures="0" tests="2" name="com.sci.qa.testcases.ProjectManagementTest" time="6.712" errors="1" timestamp="22 Mar 2025 09:20:29 GMT" skipped="1">
  <testcase classname="com.sci.qa.testcases.ProjectManagementTest" name="setUp" time="6.712">
    <error message="session not created: This version of ChromeDriver only supports Chrome version 132
Current browser version is 134.0.6998.89 with binary path C:\Program Files\Google\Chrome\Application\chrome.exe
Build info: version: &#039;3.14.0&#039;, revision: &#039;aacccce0&#039;, time: &#039;2018-08-02T20:19:58.91Z&#039;
System info: host: &#039;GEET&#039;, ip: &#039;192.168.229.164&#039;, os.name: &#039;Windows 11&#039;, os.arch: &#039;amd64&#039;, os.version: &#039;10.0&#039;, java.version: &#039;17.0.14&#039;
Driver info: driver.version: ChromeDriver
remote stacktrace: 	GetHandleVerifier [0x00007FF6D45DFBE5+28741]
	(No symbol) [0x00007FF6D4547890]
	(No symbol) [0x00007FF6D43E4FDA]
	(No symbol) [0x00007FF6D4426CC2]
	(No symbol) [0x00007FF6D4425D2B]
	(No symbol) [0x00007FF6D4420069]
	(No symbol) [0x00007FF6D441B399]
	(No symbol) [0x00007FF6D446B17A]
	(No symbol) [0x00007FF6D446A7B0]
	(No symbol) [0x00007FF6D445FCB3]
	(No symbol) [0x00007FF6D4429FB3]
	(No symbol) [0x00007FF6D442B331]
	GetHandleVerifier [0x00007FF6D491A73D+3414941]
	GetHandleVerifier [0x00007FF6D492E64A+3496618]
	GetHandleVerifier [0x00007FF6D492413D+3454365]
	GetHandleVerifier [0x00007FF6D46A848B+850155]
	(No symbol) [0x00007FF6D45537FF]
	(No symbol) [0x00007FF6D454F0C4]
	(No symbol) [0x00007FF6D454F25D]
	(No symbol) [0x00007FF6D453E079]
	BaseThreadInitThunk [0x00007FFCB205E8D7+23]
	RtlUserThreadStart [0x00007FFCB2F3BF6C+44]
" type="org.openqa.selenium.SessionNotCreatedException">
      <![CDATA[org.openqa.selenium.SessionNotCreatedException: session not created: This version of ChromeDriver only supports Chrome version 132
Current browser version is 134.0.6998.89 with binary path C:\Program Files\Google\Chrome\Application\chrome.exe
Build info: version: '3.14.0', revision: 'aacccce0', time: '2018-08-02T20:19:58.91Z'
System info: host: 'GEET', ip: '192.168.229.164', os.name: 'Windows 11', os.arch: 'amd64', os.version: '10.0', java.version: '17.0.14'
Driver info: driver.version: ChromeDriver
remote stacktrace: 	GetHandleVerifier [0x00007FF6D45DFBE5+28741]
	(No symbol) [0x00007FF6D4547890]
	(No symbol) [0x00007FF6D43E4FDA]
	(No symbol) [0x00007FF6D4426CC2]
	(No symbol) [0x00007FF6D4425D2B]
	(No symbol) [0x00007FF6D4420069]
	(No symbol) [0x00007FF6D441B399]
	(No symbol) [0x00007FF6D446B17A]
	(No symbol) [0x00007FF6D446A7B0]
	(No symbol) [0x00007FF6D445FCB3]
	(No symbol) [0x00007FF6D4429FB3]
	(No symbol) [0x00007FF6D442B331]
	GetHandleVerifier [0x00007FF6D491A73D+3414941]
	GetHandleVerifier [0x00007FF6D492E64A+3496618]
	GetHandleVerifier [0x00007FF6D492413D+3454365]
	GetHandleVerifier [0x00007FF6D46A848B+850155]
	(No symbol) [0x00007FF6D45537FF]
	(No symbol) [0x00007FF6D454F0C4]
	(No symbol) [0x00007FF6D454F25D]
	(No symbol) [0x00007FF6D453E079]
	BaseThreadInitThunk [0x00007FFCB205E8D7+23]
	RtlUserThreadStart [0x00007FFCB2F3BF6C+44]

	at java.base/jdk.internal.reflect.NativeConstructorAccessorImpl.newInstance0(Native Method)
	at java.base/jdk.internal.reflect.NativeConstructorAccessorImpl.newInstance(NativeConstructorAccessorImpl.java:77)
	at java.base/jdk.internal.reflect.DelegatingConstructorAccessorImpl.newInstance(DelegatingConstructorAccessorImpl.java:45)
	at java.base/java.lang.reflect.Constructor.newInstanceWithCaller(Constructor.java:500)
	at java.base/java.lang.reflect.Constructor.newInstance(Constructor.java:481)
	at org.openqa.selenium.remote.W3CHandshakeResponse.lambda$new$0(W3CHandshakeResponse.java:57)
	at org.openqa.selenium.remote.W3CHandshakeResponse.lambda$getResponseFunction$2(W3CHandshakeResponse.java:104)
	at org.openqa.selenium.remote.ProtocolHandshake.lambda$createSession$0(ProtocolHandshake.java:122)
	at java.base/java.util.stream.ReferencePipeline$3$1.accept(ReferencePipeline.java:197)
	at java.base/java.util.Spliterators$ArraySpliterator.tryAdvance(Spliterators.java:1002)
	at java.base/java.util.stream.ReferencePipeline.forEachWithCancel(ReferencePipeline.java:129)
	at java.base/java.util.stream.AbstractPipeline.copyIntoWithCancel(AbstractPipeline.java:527)
	at java.base/java.util.stream.AbstractPipeline.copyInto(AbstractPipeline.java:513)
	at java.base/java.util.stream.AbstractPipeline.wrapAndCopyInto(AbstractPipeline.java:499)
	at java.base/java.util.stream.FindOps$FindOp.evaluateSequential(FindOps.java:150)
	at java.base/java.util.stream.AbstractPipeline.evaluate(AbstractPipeline.java:234)
	at java.base/java.util.stream.ReferencePipeline.findFirst(ReferencePipeline.java:647)
	at org.openqa.selenium.remote.ProtocolHandshake.createSession(ProtocolHandshake.java:125)
	at org.openqa.selenium.remote.ProtocolHandshake.createSession(ProtocolHandshake.java:73)
	at org.openqa.selenium.remote.HttpCommandExecutor.execute(HttpCommandExecutor.java:136)
	at org.openqa.selenium.remote.service.DriverCommandExecutor.execute(DriverCommandExecutor.java:83)
	at org.openqa.selenium.remote.RemoteWebDriver.execute(RemoteWebDriver.java:548)
	at org.openqa.selenium.remote.RemoteWebDriver.startSession(RemoteWebDriver.java:212)
	at org.openqa.selenium.remote.RemoteWebDriver.<init>(RemoteWebDriver.java:130)
	at org.openqa.selenium.chrome.ChromeDriver.<init>(ChromeDriver.java:181)
	at org.openqa.selenium.chrome.ChromeDriver.<init>(ChromeDriver.java:168)
	at org.openqa.selenium.chrome.ChromeDriver.<init>(ChromeDriver.java:123)
	at com.sci.qa.base.TestBase.initialization(TestBase.java:47)
	at com.sci.qa.testcases.ProjectManagementTest.setUp(ProjectManagementTest.java:23)
	at java.base/jdk.internal.reflect.NativeMethodAccessorImpl.invoke0(Native Method)
	at java.base/jdk.internal.reflect.NativeMethodAccessorImpl.invoke(NativeMethodAccessorImpl.java:77)
	at java.base/jdk.internal.reflect.DelegatingMethodAccessorImpl.invoke(DelegatingMethodAccessorImpl.java:43)
	at java.base/java.lang.reflect.Method.invoke(Method.java:569)
	at org.testng.internal.MethodInvocationHelper.invokeMethod(MethodInvocationHelper.java:108)
	at org.testng.internal.Invoker.invokeConfigurationMethod(Invoker.java:523)
	at org.testng.internal.Invoker.invokeConfigurations(Invoker.java:224)
	at org.testng.internal.Invoker.invokeMethod(Invoker.java:599)
	at org.testng.internal.Invoker.invokeTestMethod(Invoker.java:869)
	at org.testng.internal.Invoker.invokeTestMethods(Invoker.java:1193)
	at org.testng.internal.TestMethodWorker.invokeTestMethods(TestMethodWorker.java:126)
	at org.testng.internal.TestMethodWorker.run(TestMethodWorker.java:109)
	at org.testng.TestRunner.privateRun(TestRunner.java:744)
	at org.testng.TestRunner.run(TestRunner.java:602)
	at org.testng.SuiteRunner.runTest(SuiteRunner.java:380)
	at org.testng.SuiteRunner.runSequentially(SuiteRunner.java:375)
	at org.testng.SuiteRunner.privateRun(SuiteRunner.java:340)
	at org.testng.SuiteRunner.run(SuiteRunner.java:289)
	at org.testng.SuiteRunnerWorker.runSuite(SuiteRunnerWorker.java:52)
	at org.testng.SuiteRunnerWorker.run(SuiteRunnerWorker.java:86)
	at org.testng.TestNG.runSuitesSequentially(TestNG.java:1301)
	at org.testng.TestNG.runSuitesLocally(TestNG.java:1226)
	at org.testng.TestNG.runSuites(TestNG.java:1144)
	at org.testng.TestNG.run(TestNG.java:1115)
	at org.testng.remote.AbstractRemoteTestNG.run(AbstractRemoteTestNG.java:115)
	at org.testng.remote.RemoteTestNG.initAndRun(RemoteTestNG.java:293)
	at org.testng.remote.RemoteTestNG.main(RemoteTestNG.java:91)
]]>
    </error>
  </testcase> <!-- setUp -->
  <testcase classname="com.sci.qa.testcases.ProjectManagementTest" name="ProjectManagementAction" time="0.000">
    <skipped/>
  </testcase> <!-- ProjectManagementAction -->
</testsuite> <!-- com.sci.qa.testcases.ProjectManagementTest -->
