[RemoteTestNG] detected TestNG version 6.11.0
Path C:\Users\geetb\Scieline/Driver/chrome/chromedriver.exe
Starting ChromeDriver 132.0.6834.83 (03d59cf5ecf1d8444838ff9a1e96231304d4ff9c-refs/branch-heads/6834@{#3390}) on port 28973
Only local connections are allowed.
Please see https://chromedriver.chromium.org/security-considerations for suggestions on keeping ChromeDriver safe.
ChromeDriver was started successfully on port 28973.
[1739783192.515][WARNING]: This version of ChromeDriver has not been tested with Chrome version 133.
Feb 17, 2025 2:36:32 PM org.openqa.selenium.remote.ProtocolHandshake createSession
INFO: Detected dialect: W3C
Before navigating to: 'https://app.scieline.com/ChemTest/'
Navigated to:'https://app.scieline.com/ChemTest/'
Trying to find Element By : By.name: txtUser
Found Element By : By.name: txtUser
Trying to find Element By : By.name: txtPassword
Found Element By : By.name: txtPassword
Trying to find Element By : By.xpath: //input[@name='login']
Found Element By : By.xpath: //input[@name='login']
Trying to find Element By : By.xpath: //img[contains(@src,'../skylineFormWebapp/images/Property 1=Project Management Hollow (1).svg')]
Found Element By : By.xpath: //img[contains(@src,'../skylineFormWebapp/images/Property 1=Project Management Hollow (1).svg')]
Trying to click on: [[ChromeDriver: chrome on WINDOWS (8d64d62c874d24728fc5ce376be2a7ea)] -> xpath: //img[contains(@src,'../skylineFormWebapp/images/Property 1=Project Management Hollow (1).svg')]]
Clicked on: [[ChromeDriver: chrome on WINDOWS (8d64d62c874d24728fc5ce376be2a7ea)] -> xpath: //img[contains(@src,'../skylineFormWebapp/images/Property 1=Project Management Hollow (1).svg')]]
Trying to find Element By : By.xpath: //a[text()='PROJECT MANAGEMENT']
Found Element By : By.xpath: //a[text()='PROJECT MANAGEMENT']
Trying to click on: [[ChromeDriver: chrome on WINDOWS (8d64d62c874d24728fc5ce376be2a7ea)] -> xpath: //a[text()='PROJECT MANAGEMENT']]
Clicked on: [[ChromeDriver: chrome on WINDOWS (8d64d62c874d24728fc5ce376be2a7ea)] -> xpath: //a[text()='PROJECT MANAGEMENT']]
Path C:\Users\geetb\Scieline/Driver/chrome/chromedriver.exe
Starting ChromeDriver 132.0.6834.83 (03d59cf5ecf1d8444838ff9a1e96231304d4ff9c-refs/branch-heads/6834@{#3390}) on port 5341
Only local connections are allowed.
Please see https://chromedriver.chromium.org/security-considerations for suggestions on keeping ChromeDriver safe.
ChromeDriver was started successfully on port 5341.
[1739783215.444][WARNING]: This version of ChromeDriver has not been tested with Chrome version 133.
Feb 17, 2025 2:36:56 PM org.openqa.selenium.remote.ProtocolHandshake createSession
INFO: Detected dialect: W3C
Before navigating to: 'https://app.scieline.com/ChemTest/'
Navigated to:'https://app.scieline.com/ChemTest/'
Trying to find Element By : By.name: txtUser
Found Element By : By.name: txtUser
Trying to find Element By : By.name: txtPassword
Found Element By : By.name: txtPassword
Trying to find Element By : By.xpath: //input[@name='login']
Found Element By : By.xpath: //input[@name='login']
Trying to find Element By : By.xpath: //img[contains(@src,'../skylineFormWebapp/images/Property 1=Project Management Hollow (1).svg')]
Found Element By : By.xpath: //img[contains(@src,'../skylineFormWebapp/images/Property 1=Project Management Hollow (1).svg')]
Trying to click on: [[ChromeDriver: chrome on WINDOWS (c20a0f4285bc5ccb0e9199aab8f3b1e2)] -> xpath: //img[contains(@src,'../skylineFormWebapp/images/Property 1=Project Management Hollow (1).svg')]]
Clicked on: [[ChromeDriver: chrome on WINDOWS (c20a0f4285bc5ccb0e9199aab8f3b1e2)] -> xpath: //img[contains(@src,'../skylineFormWebapp/images/Property 1=Project Management Hollow (1).svg')]]
Trying to find Element By : By.xpath: //a[text()='PROJECT MANAGEMENT']
Found Element By : By.xpath: //a[text()='PROJECT MANAGEMENT']
Trying to click on: [[ChromeDriver: chrome on WINDOWS (c20a0f4285bc5ccb0e9199aab8f3b1e2)] -> xpath: //a[text()='PROJECT MANAGEMENT']]
Clicked on: [[ChromeDriver: chrome on WINDOWS (c20a0f4285bc5ccb0e9199aab8f3b1e2)] -> xpath: //a[text()='PROJECT MANAGEMENT']]
Trying to find Element By : By.xpath: //h2[text()='Experiment']
Found Element By : By.xpath: //h2[text()='Experiment']
Trying to find Element By : By.xpath: //td[text()='2510-01-001-0005']
Found Element By : By.xpath: //td[text()='2510-01-001-0005']
Trying to find Element By : By.xpath: //li[@class='ui-tabs-tab ui-corner-top ui-state-default ui-tab ui-tabs-active ui-state-active']
Found Element By : By.xpath: //li[@class='ui-tabs-tab ui-corner-top ui-state-default ui-tab ui-tabs-active ui-state-active']
Trying to click on: [[ChromeDriver: chrome on WINDOWS (c20a0f4285bc5ccb0e9199aab8f3b1e2)] -> xpath: //li[@class='ui-tabs-tab ui-corner-top ui-state-default ui-tab ui-tabs-active ui-state-active']]
Clicked on: [[ChromeDriver: chrome on WINDOWS (c20a0f4285bc5ccb0e9199aab8f3b1e2)] -> xpath: //li[@class='ui-tabs-tab ui-corner-top ui-state-default ui-tab ui-tabs-active ui-state-active']]
Trying to find Element By : By.xpath: //*[@class='button dataTableApiButton dataTableApiOptional1  ui-button ui-corner-all ui-widget btn-white-border-blue']
Found Element By : By.xpath: //*[@class='button dataTableApiButton dataTableApiOptional1  ui-button ui-corner-all ui-widget btn-white-border-blue']
Exception occured: org.openqa.selenium.ElementNotInteractableException: element not interactable: [object HTMLButtonElement] has no size and location
  (Session info: chrome=133.0.6943.99)
Build info: version: '3.14.0', revision: 'aacccce0', time: '2018-08-02T20:19:58.91Z'
System info: host: 'GEET', ip: '192.168.68.164', os.name: 'Windows 11', os.arch: 'amd64', os.version: '10.0', java.version: '17.0.14'
Driver info: org.openqa.selenium.chrome.ChromeDriver
Capabilities {acceptInsecureCerts: false, browserName: chrome, browserVersion: 133.0.6943.99, chrome: {chromedriverVersion: 132.0.6834.83 (03d59cf5ecf1..., userDataDir: C:\Users\geetb\AppData\Loca...}, fedcm:accounts: true, goog:chromeOptions: {debuggerAddress: localhost:55664}, javascriptEnabled: true, networkConnectionEnabled: false, pageLoadStrategy: normal, platform: WINDOWS, platformName: WINDOWS, proxy: Proxy(), setWindowRect: true, strictFileInteractability: false, timeouts: {implicit: 0, pageLoad: 300000, script: 30000}, unhandledPromptBehavior: dismiss and notify, webauthn:extension:credBlob: true, webauthn:extension:largeBlob: true, webauthn:extension:minPinLength: true, webauthn:extension:prf: true, webauthn:virtualAuthenticators: true}
Session ID: c20a0f4285bc5ccb0e9199aab8f3b1e2

===============================================
Scieline Application Test Automation Test Suite
Total tests run: 2, Failures: 1, Skips: 0
===============================================

org.openqa.selenium.ElementNotInteractableException: element not interactable: [object HTMLButtonElement] has no size and location
  (Session info: chrome=133.0.6943.99)
Build info: version: '3.14.0', revision: 'aacccce0', time: '2018-08-02T20:19:58.91Z'
System info: host: 'GEET', ip: '192.168.68.164', os.name: 'Windows 11', os.arch: 'amd64', os.version: '10.0', java.version: '17.0.14'
Driver info: org.openqa.selenium.chrome.ChromeDriver
Capabilities {acceptInsecureCerts: false, browserName: chrome, browserVersion: 133.0.6943.99, chrome: {chromedriverVersion: 132.0.6834.83 (03d59cf5ecf1..., userDataDir: C:\Users\geetb\AppData\Loca...}, fedcm:accounts: true, goog:chromeOptions: {debuggerAddress: localhost:55664}, javascriptEnabled: true, networkConnectionEnabled: false, pageLoadStrategy: normal, platform: WINDOWS, platformName: WINDOWS, proxy: Proxy(), setWindowRect: true, strictFileInteractability: false, timeouts: {implicit: 0, pageLoad: 300000, script: 30000}, unhandledPromptBehavior: dismiss and notify, webauthn:extension:credBlob: true, webauthn:extension:largeBlob: true, webauthn:extension:minPinLength: true, webauthn:extension:prf: true, webauthn:virtualAuthenticators: true}
Session ID: c20a0f4285bc5ccb0e9199aab8f3b1e2
	at java.base/jdk.internal.reflect.NativeConstructorAccessorImpl.newInstance0(Native Method)
	at java.base/jdk.internal.reflect.NativeConstructorAccessorImpl.newInstance(NativeConstructorAccessorImpl.java:77)
	at java.base/jdk.internal.reflect.DelegatingConstructorAccessorImpl.newInstance(DelegatingConstructorAccessorImpl.java:45)
	at java.base/java.lang.reflect.Constructor.newInstanceWithCaller(Constructor.java:500)
	at java.base/java.lang.reflect.Constructor.newInstance(Constructor.java:481)
	at org.openqa.selenium.remote.http.W3CHttpResponseCodec.createException(W3CHttpResponseCodec.java:187)
	at org.openqa.selenium.remote.http.W3CHttpResponseCodec.decode(W3CHttpResponseCodec.java:122)
	at org.openqa.selenium.remote.http.W3CHttpResponseCodec.decode(W3CHttpResponseCodec.java:49)
	at org.openqa.selenium.remote.HttpCommandExecutor.execute(HttpCommandExecutor.java:158)
	at org.openqa.selenium.remote.service.DriverCommandExecutor.execute(DriverCommandExecutor.java:83)
	at org.openqa.selenium.remote.RemoteWebDriver.execute(RemoteWebDriver.java:548)
	at org.openqa.selenium.remote.RemoteWebDriver.perform(RemoteWebDriver.java:614)
	at java.base/jdk.internal.reflect.NativeMethodAccessorImpl.invoke0(Native Method)
	at java.base/jdk.internal.reflect.NativeMethodAccessorImpl.invoke(NativeMethodAccessorImpl.java:77)
	at java.base/jdk.internal.reflect.DelegatingMethodAccessorImpl.invoke(DelegatingMethodAccessorImpl.java:43)
	at java.base/java.lang.reflect.Method.invoke(Method.java:569)
	at org.openqa.selenium.support.events.EventFiringWebDriver.lambda$new$1(EventFiringWebDriver.java:105)
	at jdk.proxy2/jdk.proxy2.$Proxy10.perform(Unknown Source)
	at org.openqa.selenium.support.events.EventFiringWebDriver.perform(EventFiringWebDriver.java:360)
	at org.openqa.selenium.interactions.Actions$BuiltAction.perform(Actions.java:640)
	at org.openqa.selenium.interactions.Actions.perform(Actions.java:596)
	at com.sci.qa.util.TestUtil.doubleclick(TestUtil.java:44)
	at com.sci.qa.pages.ProjectManagementPage.CreateComposition_click(ProjectManagementPage.java:128)
	at com.sci.qa.testcases.ProjectManagementTest.ProjectManagementAction(ProjectManagementTest.java:35)
	at java.base/jdk.internal.reflect.NativeMethodAccessorImpl.invoke0(Native Method)
	at java.base/jdk.internal.reflect.NativeMethodAccessorImpl.invoke(NativeMethodAccessorImpl.java:77)
	at java.base/jdk.internal.reflect.DelegatingMethodAccessorImpl.invoke(DelegatingMethodAccessorImpl.java:43)
	at java.base/java.lang.reflect.Method.invoke(Method.java:569)
	at org.testng.internal.MethodInvocationHelper.invokeMethod(MethodInvocationHelper.java:108)
	at org.testng.internal.Invoker.invokeMethod(Invoker.java:661)
	at org.testng.internal.Invoker.invokeTestMethod(Invoker.java:869)
	at org.testng.internal.Invoker.invokeTestMethods(Invoker.java:1193)
	at org.testng.internal.TestMethodWorker.invokeTestMethods(TestMethodWorker.java:126)
	at org.testng.internal.TestMethodWorker.run(TestMethodWorker.java:109)
	at org.testng.TestRunner.privateRun(TestRunner.java:744)
	at org.testng.TestRunner.run(TestRunner.java:602)
	at org.testng.SuiteRunner.runTest(SuiteRunner.java:380)
	at org.testng.SuiteRunner.runSequentially(SuiteRunner.java:375)
	at org.testng.SuiteRunner.privateRun(SuiteRunner.java:340)
	at org.testng.SuiteRunner.run(SuiteRunner.java:289)
	at org.testng.SuiteRunnerWorker.runSuite(SuiteRunnerWorker.java:52)
	at org.testng.SuiteRunnerWorker.run(SuiteRunnerWorker.java:86)
	at org.testng.TestNG.runSuitesSequentially(TestNG.java:1301)
	at org.testng.TestNG.runSuitesLocally(TestNG.java:1226)
	at org.testng.TestNG.runSuites(TestNG.java:1144)
	at org.testng.TestNG.run(TestNG.java:1115)
	at org.testng.remote.AbstractRemoteTestNG.run(AbstractRemoteTestNG.java:115)
	at org.testng.remote.RemoteTestNG.initAndRun(RemoteTestNG.java:293)
	at org.testng.remote.RemoteTestNG.main(RemoteTestNG.java:91)

